
-----------------------------------------------------------
* NOTE: This is demo app to show *some* nDPI features.
* In this demo we have implemented only some basic features
* just to show you what you can do with the library. Feel 
* free to extend it and send us the patches for inclusion
------------------------------------------------------------

Using nDPI (5.0.0) [1 thread(s)]
Using libgcrypt version 1.8.6internal
Reading packets from pcap file data/2026-02-19_tcp_edr/tcp_edr.pcapng...
Running thread 0...

nDPI Memory statistics:
	nDPI Memory (once):      3.02 KB      
	Flow Memory (per flow):  1.18 KB      
	Total memory allocated:  11.00 MB     
	Setup Time:              29 msec
	Packet Processing Time:  22 msec

Traffic statistics:
	Ethernet bytes:        2101794       (includes ethernet CRC/IFC/trailer)
	Discarded bytes:       0            
	IP packets:            2181          of 3131 packets total
	IP bytes:              2049450       (avg pkt size 654 bytes)
	Unique flows:          13           
	TCP Packets:           2096         
	UDP Packets:           85           
	VLAN Packets:          0            
	MPLS Packets:          0            
	PPPoE Packets:         0            
	Fragmented Packets:    0            
	Max Packet size:       43472        
	Packet Len < 64:       1248         
	Packet Len 64-128:     125          
	Packet Len 128-256:    206          
	Packet Len 256-1024:   141          
	Packet Len 1024-1500:  142          
	Packet Len > 1500:     319          
	nDPI throughput:       95.62 K pps / 703.03 Mb/sec
	Analysis begin:        06/Feb/2026 08:27:29
	Analysis end:          06/Feb/2026 08:43:56
	Traffic throughput:    2.21 pps / 16.63 Kb/sec
	Traffic duration:      987.175 sec
	DPI Packets (TCP):     119           (14.88 pkts/flow)
	DPI Packets (UDP):     5             (1.00 pkts/flow)
	Confidence: Unknown    6             (flows)
	Confidence: DPI        7             (flows)


Detected protocols:
	Unknown              packets: 199           bytes: 699595        flows: 6            
	SMBv1                packets: 2             bytes: 486           flows: 1            
	DHCP                 packets: 16            bytes: 5248          flows: 1            
	TLS                  packets: 1898          bytes: 1330789       flows: 3            
	Mikrotik             packets: 66            bytes: 13332         flows: 2            


Protocol statistics:
	Unrated              packets: 199           bytes: 699595        flows: 6            
	Safe                 packets: 1898          bytes: 1330789       flows: 3            
	Acceptable           packets: 82            bytes: 18580         flows: 3            
	Dangerous            packets: 2             bytes: 486           flows: 1            


Category statistics:
	Unspecified          packets: 199           bytes: 699595        flows: 6            
	Web                  packets: 1898          bytes: 1330789       flows: 3            
	Network              packets: 82            bytes: 18580         flows: 3            
	System               packets: 2             bytes: 486           flows: 1            

Risk stats [found 3 (23.1 %) flows with risks]:
	Missing SNI TLS Extn                         2 [33.3 %]
	Susp Entropy                                 1 [16.7 %]
	Unidirectional Traffic                       1 [16.7 %]
	ALPN/SNI Mismatch                            2 [33.3 %]

	NOTE: as one flow can have multiple risks set, the sum of the
	      last column can exceed the number of flows with risks.


